[2023-10-03 13:34:14 UTC+8] [INFO] [utils.py line 26] 从.env文件中加载环境变量 ...
[2023-10-03 13:34:14 UTC+8] [INFO] [core.py line 81] Preparing to log in ...
[2023-10-03 13:34:14 UTC+8] [INFO] [core.py line 65] Successfully logged in ...
[2023-10-03 13:34:14 UTC+8] [INFO] [utils.py line 32] Downloading image from https://jksb.v.zzu.edu.cn/imagesss/title316_63961.png
[2023-10-03 13:34:14 UTC+8] [INFO] [utils.py line 36] Download completed ...
[2023-10-03 13:47:54 UTC+8] [INFO] [utils.py line 26] 从.env文件中加载环境变量 ...
[2023-10-03 13:47:55 UTC+8] [INFO] [core.py line 65] Successfully logged in ...
[2023-10-03 13:51:16 UTC+8] [INFO] [core.py line 81] Preparing to log in ...
[2023-10-03 13:51:18 UTC+8] [INFO] [core.py line 65] Successfully logged in ...
[2023-10-03 13:51:20 UTC+8] [INFO] [utils.py line 32] Downloading image from https://jksb.v.zzu.edu.cn/imagesss/title316_63961.png
[2023-10-03 13:51:21 UTC+8] [INFO] [utils.py line 36] Download completed ...
[2023-10-23 12:29:25 UTC+8] [INFO] [core.py line 81] Preparing to log in ...
[2023-10-23 12:29:28 UTC+8] [INFO] [core.py line 65] Successfully logged in ...
[2023-10-23 12:29:31 UTC+8] [INFO] [utils.py line 32] Downloading image from https://jksb.v.zzu.edu.cn/imagesss/title316_30303.png
[2023-10-23 12:29:34 UTC+8] [INFO] [utils.py line 36] Download completed ...
[2023-10-23 12:54:59 UTC+8] [INFO] [core.py line 81] Preparing to log in ...
[2023-10-23 12:55:02 UTC+8] [INFO] [core.py line 65] Successfully logged in ...
[2023-10-23 12:55:04 UTC+8] [INFO] [utils.py line 32] Downloading image from https://jksb.v.zzu.edu.cn/imagesss/title316_30303.png
[2023-10-23 12:55:06 UTC+8] [INFO] [utils.py line 36] Download completed ...
[2023-10-23 13:02:56 UTC+8] [INFO] [core.py line 81] Preparing to log in ...
[2023-10-23 13:02:58 UTC+8] [INFO] [core.py line 65] Successfully logged in ...
[2023-10-23 13:03:01 UTC+8] [INFO] [utils.py line 32] Downloading image from https://jksb.v.zzu.edu.cn/imagesss/title316_30303.png
[2023-10-23 13:03:03 UTC+8] [INFO] [utils.py line 36] Download completed ...
[2023-10-23 13:17:00 UTC+8] [INFO] [core.py line 81] Preparing to log in ...
[2023-10-23 13:17:03 UTC+8] [INFO] [core.py line 65] Successfully logged in ...
[2023-10-23 13:17:05 UTC+8] [INFO] [utils.py line 32] Downloading image from https://jksb.v.zzu.edu.cn/imagesss/title316_30303.png
[2023-10-23 13:17:07 UTC+8] [INFO] [utils.py line 36] Download completed ...
[2023-10-24 07:37:38 UTC+8] [INFO] [core.py line 81] Preparing to log in ...
[2023-10-24 07:37:40 UTC+8] [INFO] [core.py line 65] Successfully logged in ...
[2023-10-24 07:37:41 UTC+8] [INFO] [utils.py line 32] Downloading image from https://jksb.v.zzu.edu.cn/imagesss/title316_58571.png
[2023-10-24 07:37:43 UTC+8] [INFO] [utils.py line 36] Download completed ...
[2023-10-24 09:51:10 UTC+8] [INFO] [core.py line 81] Preparing to log in ...
[2023-10-24 09:51:12 UTC+8] [INFO] [core.py line 65] Successfully logged in ...
[2023-10-24 09:51:13 UTC+8] [INFO] [utils.py line 32] Downloading image from https://jksb.v.zzu.edu.cn/imagesss/title316_58571.png
[2023-10-24 09:51:15 UTC+8] [INFO] [utils.py line 36] Download completed ...
[2023-10-25 07:37:40 UTC+8] [INFO] [core.py line 81] Preparing to log in ...
[2023-10-25 07:37:43 UTC+8] [INFO] [core.py line 65] Successfully logged in ...
[2023-10-25 07:37:45 UTC+8] [INFO] [utils.py line 32] Downloading image from https://jksb.v.zzu.edu.cn/imagesss/title316_92456.png
[2023-10-25 07:37:47 UTC+8] [INFO] [utils.py line 36] Download completed ...
[2023-10-26 07:37:47 UTC+8] [INFO] [core.py line 81] Preparing to log in ...
[2023-10-26 07:37:50 UTC+8] [INFO] [core.py line 65] Successfully logged in ...
[2023-10-26 07:37:52 UTC+8] [INFO] [utils.py line 32] Downloading image from https://jksb.v.zzu.edu.cn/imagesss/title316_63137.png
[2023-10-26 07:37:55 UTC+8] [INFO] [utils.py line 36] Download completed ...
[2023-10-27 07:37:33 UTC+8] [INFO] [core.py line 81] Preparing to log in ...
[2023-10-27 07:37:35 UTC+8] [INFO] [core.py line 65] Successfully logged in ...
[2023-10-27 07:37:38 UTC+8] [INFO] [utils.py line 32] Downloading image from https://jksb.v.zzu.edu.cn/imagesss/title316_49142.png
[2023-10-27 07:37:41 UTC+8] [INFO] [utils.py line 36] Download completed ...
[2023-10-28 07:37:49 UTC+8] [INFO] [core.py line 81] Preparing to log in ...
[2023-10-28 07:37:52 UTC+8] [INFO] [core.py line 65] Successfully logged in ...
[2023-10-28 07:37:54 UTC+8] [INFO] [utils.py line 32] Downloading image from https://jksb.v.zzu.edu.cn/imagesss/title316_62395.png
[2023-10-28 07:37:56 UTC+8] [INFO] [utils.py line 36] Download completed ...
[2023-10-29 07:37:17 UTC+8] [INFO] [core.py line 81] Preparing to log in ...
[2023-10-29 07:37:20 UTC+8] [INFO] [core.py line 65] Successfully logged in ...
[2023-10-29 07:37:22 UTC+8] [INFO] [utils.py line 32] Downloading image from https://jksb.v.zzu.edu.cn/imagesss/title316_96856.png
[2023-10-29 07:37:25 UTC+8] [INFO] [utils.py line 36] Download completed ...
[2023-10-30 07:37:36 UTC+8] [INFO] [core.py line 81] Preparing to log in ...
[2023-10-30 07:37:39 UTC+8] [INFO] [core.py line 65] Successfully logged in ...
[2023-10-30 07:37:41 UTC+8] [INFO] [utils.py line 32] Downloading image from https://jksb.v.zzu.edu.cn/imagesss/title316_43402.png
[2023-10-30 07:37:44 UTC+8] [INFO] [utils.py line 36] Download completed ...
[2023-10-31 07:37:34 UTC+8] [INFO] [core.py line 81] Preparing to log in ...
[2023-10-31 07:37:37 UTC+8] [INFO] [core.py line 65] Successfully logged in ...
[2023-10-31 07:37:39 UTC+8] [INFO] [utils.py line 32] Downloading image from https://jksb.v.zzu.edu.cn/imagesss/title316_38603.png
[2023-10-31 07:37:41 UTC+8] [INFO] [utils.py line 36] Download completed ...
[2023-11-01 07:37:28 UTC+8] [INFO] [core.py line 81] Preparing to log in ...
[2023-11-01 07:37:31 UTC+8] [INFO] [core.py line 65] Successfully logged in ...
[2023-11-01 07:37:32 UTC+8] [INFO] [utils.py line 32] Downloading image from https://jksb.v.zzu.edu.cn/imagesss/title316_13926.png
[2023-11-01 07:37:33 UTC+8] [INFO] [utils.py line 36] Download completed ...
[2023-11-02 07:37:45 UTC+8] [INFO] [core.py line 81] Preparing to log in ...
[2023-11-02 07:37:47 UTC+8] [INFO] [core.py line 65] Successfully logged in ...
[2023-11-02 07:37:50 UTC+8] [INFO] [utils.py line 32] Downloading image from https://jksb.v.zzu.edu.cn/imagesss/title316_60810.png
[2023-11-02 07:37:52 UTC+8] [INFO] [utils.py line 36] Download completed ...
[2023-11-03 07:37:39 UTC+8] [INFO] [core.py line 81] Preparing to log in ...
[2023-11-03 07:37:42 UTC+8] [INFO] [core.py line 65] Successfully logged in ...
[2023-11-03 07:37:45 UTC+8] [INFO] [utils.py line 32] Downloading image from https://jksb.v.zzu.edu.cn/imagesss/title316_64076.png
[2023-11-03 07:37:47 UTC+8] [INFO] [utils.py line 36] Download completed ...
[2023-11-04 07:37:30 UTC+8] [INFO] [core.py line 81] Preparing to log in ...
[2023-11-04 07:37:32 UTC+8] [INFO] [core.py line 65] Successfully logged in ...
[2023-11-04 07:37:33 UTC+8] [INFO] [utils.py line 32] Downloading image from https://jksb.v.zzu.edu.cn/imagesss/title316_97204.png
[2023-11-04 07:37:36 UTC+8] [INFO] [utils.py line 36] Download completed ...
[2023-11-05 07:37:27 UTC+8] [INFO] [core.py line 81] Preparing to log in ...
[2023-11-05 07:37:29 UTC+8] [INFO] [core.py line 65] Successfully logged in ...
[2023-11-05 07:37:31 UTC+8] [INFO] [utils.py line 32] Downloading image from https://jksb.v.zzu.edu.cn/imagesss/title316_94343.png
[2023-11-05 07:37:33 UTC+8] [INFO] [utils.py line 36] Download completed ...
[2023-11-06 07:37:26 UTC+8] [INFO] [core.py line 81] Preparing to log in ...
[2023-11-06 07:37:28 UTC+8] [INFO] [core.py line 65] Successfully logged in ...
[2023-11-06 07:37:29 UTC+8] [INFO] [utils.py line 32] Downloading image from https://jksb.v.zzu.edu.cn/imagesss/title316_78087.png
[2023-11-06 07:37:31 UTC+8] [INFO] [utils.py line 36] Download completed ...
[2023-11-07 07:37:33 UTC+8] [INFO] [core.py line 81] Preparing to log in ...
[2023-11-07 07:37:35 UTC+8] [INFO] [core.py line 65] Successfully logged in ...
[2023-11-07 07:37:37 UTC+8] [INFO] [utils.py line 32] Downloading image from https://jksb.v.zzu.edu.cn/imagesss/title316_44755.png
[2023-11-07 07:37:39 UTC+8] [INFO] [utils.py line 36] Download completed ...
[2023-11-08 07:37:48 UTC+8] [INFO] [core.py line 81] Preparing to log in ...
[2023-11-08 07:37:51 UTC+8] [INFO] [core.py line 65] Successfully logged in ...
[2023-11-08 07:37:54 UTC+8] [INFO] [utils.py line 32] Downloading image from https://jksb.v.zzu.edu.cn/imagesss/title316_13159.png
[2023-11-08 07:37:55 UTC+8] [INFO] [utils.py line 36] Download completed ...
[2023-11-09 07:37:40 UTC+8] [INFO] [core.py line 81] Preparing to log in ...
[2023-11-09 07:37:42 UTC+8] [INFO] [core.py line 65] Successfully logged in ...
[2023-11-09 07:37:45 UTC+8] [INFO] [utils.py line 32] Downloading image from https://jksb.v.zzu.edu.cn/imagesss/title316_95490.png
[2023-11-09 07:37:47 UTC+8] [INFO] [utils.py line 36] Download completed ...
[2023-11-10 07:37:36 UTC+8] [INFO] [core.py line 81] Preparing to log in ...
[2023-11-10 07:37:39 UTC+8] [INFO] [core.py line 65] Successfully logged in ...
[2023-11-10 07:37:40 UTC+8] [INFO] [utils.py line 32] Downloading image from https://jksb.v.zzu.edu.cn/imagesss/title316_81509.png
[2023-11-10 07:37:42 UTC+8] [INFO] [utils.py line 36] Download completed ...
[2023-11-11 07:37:35 UTC+8] [INFO] [core.py line 81] Preparing to log in ...
[2023-11-11 07:37:37 UTC+8] [INFO] [core.py line 65] Successfully logged in ...
[2023-11-11 07:37:39 UTC+8] [INFO] [utils.py line 32] Downloading image from https://jksb.v.zzu.edu.cn/imagesss/title316_66984.png
[2023-11-11 07:37:41 UTC+8] [INFO] [utils.py line 36] Download completed ...
[2023-11-12 07:37:43 UTC+8] [INFO] [core.py line 81] Preparing to log in ...
[2023-11-12 07:37:46 UTC+8] [INFO] [core.py line 65] Successfully logged in ...
[2023-11-12 07:37:48 UTC+8] [INFO] [utils.py line 32] Downloading image from https://jksb.v.zzu.edu.cn/imagesss/title316_42188.png
[2023-11-12 07:37:51 UTC+8] [INFO] [utils.py line 36] Download completed ...
[2023-11-13 07:37:23 UTC+8] [INFO] [core.py line 81] Preparing to log in ...
[2023-11-13 07:37:25 UTC+8] [INFO] [core.py line 65] Successfully logged in ...
[2023-11-13 07:37:27 UTC+8] [INFO] [utils.py line 32] Downloading image from https://jksb.v.zzu.edu.cn/imagesss/title316_80093.png
[2023-11-13 07:37:29 UTC+8] [INFO] [utils.py line 36] Download completed ...
[2023-11-14 07:37:30 UTC+8] [INFO] [core.py line 81] Preparing to log in ...
[2023-11-14 07:37:33 UTC+8] [INFO] [core.py line 65] Successfully logged in ...
[2023-11-14 07:37:35 UTC+8] [INFO] [utils.py line 32] Downloading image from https://jksb.v.zzu.edu.cn/imagesss/title316_30720.png
[2023-11-14 07:37:37 UTC+8] [INFO] [utils.py line 36] Download completed ...
[2023-11-15 07:37:31 UTC+8] [INFO] [core.py line 81] Preparing to log in ...
[2023-11-15 07:37:34 UTC+8] [INFO] [core.py line 65] Successfully logged in ...
[2023-11-15 07:37:36 UTC+8] [INFO] [utils.py line 32] Downloading image from https://jksb.v.zzu.edu.cn/imagesss/title316_20370.png
[2023-11-15 07:37:39 UTC+8] [INFO] [utils.py line 36] Download completed ...
[2023-11-16 07:37:36 UTC+8] [INFO] [core.py line 81] Preparing to log in ...
[2023-11-16 07:37:38 UTC+8] [INFO] [core.py line 65] Successfully logged in ...
[2023-11-16 07:37:40 UTC+8] [INFO] [utils.py line 32] Downloading image from https://jksb.v.zzu.edu.cn/imagesss/title316_22952.png
[2023-11-16 07:37:42 UTC+8] [INFO] [utils.py line 36] Download completed ...
